2022-05-08 11:06:20,969 [Worker-3: Loading available Gradle versions] INFO  o.e.b.c.i.u.g.PublishedGradleVersions - Gradle version information cache is up-to-date. Trying to read.
2022-05-08 11:07:19,999 [Worker-4: Building] INFO  o.e.m.c.i.l.LifecycleMappingFactory - Using org.eclipse.m2e.jdt.JarLifecycleMapping lifecycle mapping for MavenProject: MyJDBCDemoProject:MyJDBCDemoProject:0.0.1-SNAPSHOT @ C:\Users\pc\eclipse-workspace\JDBC\MyJDBCDemoProject\pom.xml.
2022-05-08 11:07:20,326 [Worker-6: Updating Maven Dependencies] INFO  o.e.m.c.i.l.LifecycleMappingFactory - Using org.eclipse.m2e.jdt.JarLifecycleMapping lifecycle mapping for MavenProject: MyJDBCDemoProject:MyJDBCDemoProject:0.0.1-SNAPSHOT @ C:\Users\pc\eclipse-workspace\JDBC\MyJDBCDemoProject\pom.xml.
2022-05-08 11:07:22,735 [Worker-4: Building] WARN  o.e.m.c.i.embedder.EclipseLogger - Using platform encoding (Cp1252 actually) to copy filtered resources, i.e. build is platform dependent!
2022-05-08 11:07:22,737 [Worker-4: Building] INFO  o.e.m.c.i.embedder.EclipseLogger - skip non existing resourceDirectory C:\Users\pc\eclipse-workspace\JDBC\MyJDBCDemoProject\src\main\resources
2022-05-08 11:07:22,741 [Worker-4: Building] WARN  o.e.m.c.i.embedder.EclipseLogger - Using platform encoding (Cp1252 actually) to copy filtered resources, i.e. build is platform dependent!
2022-05-08 11:07:22,744 [Worker-4: Building] INFO  o.e.m.c.i.embedder.EclipseLogger - skip non existing resourceDirectory C:\Users\pc\eclipse-workspace\JDBC\MyJDBCDemoProject\src\test\resources
2022-05-08 11:07:26,008 [Worker-3: Updating Maven Dependencies] INFO  o.e.m.c.i.l.LifecycleMappingFactory - Using org.eclipse.m2e.jdt.JarLifecycleMapping lifecycle mapping for MavenProject: MyJDBCDemoProject:MyJDBCDemoProject:0.0.1-SNAPSHOT @ C:\Users\pc\eclipse-workspace\JDBC\MyJDBCDemoProject\pom.xml.
2022-05-08 11:07:26,038 [Worker-0: Building] WARN  o.e.m.c.i.embedder.EclipseLogger - Using platform encoding (Cp1252 actually) to copy filtered resources, i.e. build is platform dependent!
2022-05-08 11:07:26,042 [Worker-0: Building] INFO  o.e.m.c.i.embedder.EclipseLogger - skip non existing resourceDirectory C:\Users\pc\eclipse-workspace\JDBC\MyJDBCDemoProject\src\main\resources
2022-05-08 11:07:26,044 [Worker-0: Building] WARN  o.e.m.c.i.embedder.EclipseLogger - Using platform encoding (Cp1252 actually) to copy filtered resources, i.e. build is platform dependent!
2022-05-08 11:07:26,046 [Worker-0: Building] INFO  o.e.m.c.i.embedder.EclipseLogger - skip non existing resourceDirectory C:\Users\pc\eclipse-workspace\JDBC\MyJDBCDemoProject\src\test\resources
2022-05-08 11:07:27,152 [Worker-6: Building] WARN  o.e.m.c.i.embedder.EclipseLogger - Using platform encoding (Cp1252 actually) to copy filtered resources, i.e. build is platform dependent!
2022-05-08 11:07:27,154 [Worker-6: Building] INFO  o.e.m.c.i.embedder.EclipseLogger - skip non existing resourceDirectory C:\Users\pc\eclipse-workspace\JDBC\MyJDBCDemoProject\src\main\resources
2022-05-08 11:07:27,157 [Worker-6: Building] WARN  o.e.m.c.i.embedder.EclipseLogger - Using platform encoding (Cp1252 actually) to copy filtered resources, i.e. build is platform dependent!
2022-05-08 11:07:27,158 [Worker-6: Building] INFO  o.e.m.c.i.embedder.EclipseLogger - skip non existing resourceDirectory C:\Users\pc\eclipse-workspace\JDBC\MyJDBCDemoProject\src\test\resources
2022-05-08 11:07:58,192 [Worker-2: Rebuilding] WARN  o.e.m.c.i.embedder.EclipseLogger - Using platform encoding (Cp1252 actually) to copy filtered resources, i.e. build is platform dependent!
2022-05-08 11:07:58,193 [Worker-2: Rebuilding] INFO  o.e.m.c.i.embedder.EclipseLogger - skip non existing resourceDirectory C:\Users\pc\eclipse-workspace\JDBC\MyJDBCDemoProject\src\main\resources
2022-05-08 11:07:58,197 [Worker-2: Rebuilding] WARN  o.e.m.c.i.embedder.EclipseLogger - Using platform encoding (Cp1252 actually) to copy filtered resources, i.e. build is platform dependent!
2022-05-08 11:07:58,200 [Worker-2: Rebuilding] INFO  o.e.m.c.i.embedder.EclipseLogger - skip non existing resourceDirectory C:\Users\pc\eclipse-workspace\JDBC\MyJDBCDemoProject\src\test\resources
2022-05-08 11:19:24,181 [Worker-13: Building] WARN  o.e.m.c.i.embedder.EclipseLogger - Using platform encoding (Cp1252 actually) to copy filtered resources, i.e. build is platform dependent!
2022-05-08 11:19:24,191 [Worker-13: Building] INFO  o.e.m.c.i.embedder.EclipseLogger - skip non existing resourceDirectory C:\Users\pc\eclipse-workspace\JDBC\MyJDBCDemoProject\src\main\resources
2022-05-08 11:19:24,193 [Worker-13: Building] WARN  o.e.m.c.i.embedder.EclipseLogger - Using platform encoding (Cp1252 actually) to copy filtered resources, i.e. build is platform dependent!
2022-05-08 11:19:24,195 [Worker-13: Building] INFO  o.e.m.c.i.embedder.EclipseLogger - skip non existing resourceDirectory C:\Users\pc\eclipse-workspace\JDBC\MyJDBCDemoProject\src\test\resources
2022-05-08 11:19:38,466 [Worker-15: Building] WARN  o.e.m.c.i.embedder.EclipseLogger - Using platform encoding (Cp1252 actually) to copy filtered resources, i.e. build is platform dependent!
2022-05-08 11:19:38,476 [Worker-15: Building] INFO  o.e.m.c.i.embedder.EclipseLogger - skip non existing resourceDirectory C:\Users\pc\eclipse-workspace\JDBC\MyJDBCDemoProject\src\main\resources
2022-05-08 11:19:38,479 [Worker-15: Building] WARN  o.e.m.c.i.embedder.EclipseLogger - Using platform encoding (Cp1252 actually) to copy filtered resources, i.e. build is platform dependent!
2022-05-08 11:19:38,486 [Worker-15: Building] INFO  o.e.m.c.i.embedder.EclipseLogger - skip non existing resourceDirectory C:\Users\pc\eclipse-workspace\JDBC\MyJDBCDemoProject\src\test\resources
2022-05-08 11:20:01,884 [Worker-15: Rebuilding] WARN  o.e.m.c.i.embedder.EclipseLogger - Using platform encoding (Cp1252 actually) to copy filtered resources, i.e. build is platform dependent!
2022-05-08 11:20:01,886 [Worker-15: Rebuilding] INFO  o.e.m.c.i.embedder.EclipseLogger - skip non existing resourceDirectory C:\Users\pc\eclipse-workspace\JDBC\MyJDBCDemoProject\src\main\resources
2022-05-08 11:20:01,891 [Worker-15: Rebuilding] WARN  o.e.m.c.i.embedder.EclipseLogger - Using platform encoding (Cp1252 actually) to copy filtered resources, i.e. build is platform dependent!
2022-05-08 11:20:01,892 [Worker-15: Rebuilding] INFO  o.e.m.c.i.embedder.EclipseLogger - skip non existing resourceDirectory C:\Users\pc\eclipse-workspace\JDBC\MyJDBCDemoProject\src\test\resources
2022-05-08 11:23:01,736 [Worker-15: Building] WARN  o.e.m.c.i.embedder.EclipseLogger - Using platform encoding (Cp1252 actually) to copy filtered resources, i.e. build is platform dependent!
2022-05-08 11:23:01,739 [Worker-15: Building] INFO  o.e.m.c.i.embedder.EclipseLogger - skip non existing resourceDirectory C:\Users\pc\eclipse-workspace\JDBC\MyJDBCDemoProject\src\main\resources
2022-05-08 11:23:01,743 [Worker-15: Building] WARN  o.e.m.c.i.embedder.EclipseLogger - Using platform encoding (Cp1252 actually) to copy filtered resources, i.e. build is platform dependent!
2022-05-08 11:23:01,744 [Worker-15: Building] INFO  o.e.m.c.i.embedder.EclipseLogger - skip non existing resourceDirectory C:\Users\pc\eclipse-workspace\JDBC\MyJDBCDemoProject\src\test\resources
2022-05-08 11:23:41,743 [Worker-14: Building] WARN  o.e.m.c.i.embedder.EclipseLogger - Using platform encoding (Cp1252 actually) to copy filtered resources, i.e. build is platform dependent!
2022-05-08 11:23:41,745 [Worker-14: Building] INFO  o.e.m.c.i.embedder.EclipseLogger - skip non existing resourceDirectory C:\Users\pc\eclipse-workspace\JDBC\MyJDBCDemoProject\src\main\resources
2022-05-08 11:23:41,750 [Worker-14: Building] WARN  o.e.m.c.i.embedder.EclipseLogger - Using platform encoding (Cp1252 actually) to copy filtered resources, i.e. build is platform dependent!
2022-05-08 11:23:41,751 [Worker-14: Building] INFO  o.e.m.c.i.embedder.EclipseLogger - skip non existing resourceDirectory C:\Users\pc\eclipse-workspace\JDBC\MyJDBCDemoProject\src\test\resources
2022-05-08 11:33:09,214 [Worker-17: Building] WARN  o.e.m.c.i.embedder.EclipseLogger - Using platform encoding (Cp1252 actually) to copy filtered resources, i.e. build is platform dependent!
2022-05-08 11:33:09,218 [Worker-17: Building] INFO  o.e.m.c.i.embedder.EclipseLogger - skip non existing resourceDirectory C:\Users\pc\eclipse-workspace\JDBC\MyJDBCDemoProject\src\main\resources
2022-05-08 11:33:09,224 [Worker-17: Building] WARN  o.e.m.c.i.embedder.EclipseLogger - Using platform encoding (Cp1252 actually) to copy filtered resources, i.e. build is platform dependent!
2022-05-08 11:33:09,226 [Worker-17: Building] INFO  o.e.m.c.i.embedder.EclipseLogger - skip non existing resourceDirectory C:\Users\pc\eclipse-workspace\JDBC\MyJDBCDemoProject\src\test\resources
2022-05-08 11:34:54,449 [Worker-9: Building] WARN  o.e.m.c.i.embedder.EclipseLogger - Using platform encoding (Cp1252 actually) to copy filtered resources, i.e. build is platform dependent!
2022-05-08 11:34:54,453 [Worker-9: Building] INFO  o.e.m.c.i.embedder.EclipseLogger - skip non existing resourceDirectory C:\Users\pc\eclipse-workspace\JDBC\MyJDBCDemoProject\src\main\resources
2022-05-08 11:34:54,456 [Worker-9: Building] WARN  o.e.m.c.i.embedder.EclipseLogger - Using platform encoding (Cp1252 actually) to copy filtered resources, i.e. build is platform dependent!
2022-05-08 11:34:54,457 [Worker-9: Building] INFO  o.e.m.c.i.embedder.EclipseLogger - skip non existing resourceDirectory C:\Users\pc\eclipse-workspace\JDBC\MyJDBCDemoProject\src\test\resources
2022-05-08 11:35:35,798 [Worker-9: Building] WARN  o.e.m.c.i.embedder.EclipseLogger - Using platform encoding (Cp1252 actually) to copy filtered resources, i.e. build is platform dependent!
2022-05-08 11:35:35,799 [Worker-9: Building] INFO  o.e.m.c.i.embedder.EclipseLogger - skip non existing resourceDirectory C:\Users\pc\eclipse-workspace\JDBC\MyJDBCDemoProject\src\main\resources
2022-05-08 11:35:35,801 [Worker-9: Building] WARN  o.e.m.c.i.embedder.EclipseLogger - Using platform encoding (Cp1252 actually) to copy filtered resources, i.e. build is platform dependent!
2022-05-08 11:35:35,803 [Worker-9: Building] INFO  o.e.m.c.i.embedder.EclipseLogger - skip non existing resourceDirectory C:\Users\pc\eclipse-workspace\JDBC\MyJDBCDemoProject\src\test\resources
2022-05-08 11:36:02,862 [Worker-18: Building] WARN  o.e.m.c.i.embedder.EclipseLogger - Using platform encoding (Cp1252 actually) to copy filtered resources, i.e. build is platform dependent!
2022-05-08 11:36:02,866 [Worker-18: Building] INFO  o.e.m.c.i.embedder.EclipseLogger - skip non existing resourceDirectory C:\Users\pc\eclipse-workspace\JDBC\MyJDBCDemoProject\src\main\resources
2022-05-08 11:36:02,872 [Worker-18: Building] WARN  o.e.m.c.i.embedder.EclipseLogger - Using platform encoding (Cp1252 actually) to copy filtered resources, i.e. build is platform dependent!
2022-05-08 11:36:02,874 [Worker-18: Building] INFO  o.e.m.c.i.embedder.EclipseLogger - skip non existing resourceDirectory C:\Users\pc\eclipse-workspace\JDBC\MyJDBCDemoProject\src\test\resources
2022-05-08 11:39:13,542 [Worker-9: Building] WARN  o.e.m.c.i.embedder.EclipseLogger - Using platform encoding (Cp1252 actually) to copy filtered resources, i.e. build is platform dependent!
2022-05-08 11:39:13,546 [Worker-9: Building] INFO  o.e.m.c.i.embedder.EclipseLogger - skip non existing resourceDirectory C:\Users\pc\eclipse-workspace\JDBC\MyJDBCDemoProject\src\main\resources
2022-05-08 11:39:13,549 [Worker-9: Building] WARN  o.e.m.c.i.embedder.EclipseLogger - Using platform encoding (Cp1252 actually) to copy filtered resources, i.e. build is platform dependent!
2022-05-08 11:39:13,551 [Worker-9: Building] INFO  o.e.m.c.i.embedder.EclipseLogger - skip non existing resourceDirectory C:\Users\pc\eclipse-workspace\JDBC\MyJDBCDemoProject\src\test\resources
2022-05-08 11:41:28,788 [Worker-17: Building] WARN  o.e.m.c.i.embedder.EclipseLogger - Using platform encoding (Cp1252 actually) to copy filtered resources, i.e. build is platform dependent!
2022-05-08 11:41:28,789 [Worker-17: Building] INFO  o.e.m.c.i.embedder.EclipseLogger - skip non existing resourceDirectory C:\Users\pc\eclipse-workspace\JDBC\MyJDBCDemoProject\src\main\resources
2022-05-08 11:41:28,792 [Worker-17: Building] WARN  o.e.m.c.i.embedder.EclipseLogger - Using platform encoding (Cp1252 actually) to copy filtered resources, i.e. build is platform dependent!
2022-05-08 11:41:28,793 [Worker-17: Building] INFO  o.e.m.c.i.embedder.EclipseLogger - skip non existing resourceDirectory C:\Users\pc\eclipse-workspace\JDBC\MyJDBCDemoProject\src\test\resources
2022-05-08 11:42:38,787 [Worker-21: Building] WARN  o.e.m.c.i.embedder.EclipseLogger - Using platform encoding (Cp1252 actually) to copy filtered resources, i.e. build is platform dependent!
2022-05-08 11:42:38,789 [Worker-21: Building] INFO  o.e.m.c.i.embedder.EclipseLogger - skip non existing resourceDirectory C:\Users\pc\eclipse-workspace\JDBC\MyJDBCDemoProject\src\main\resources
2022-05-08 11:42:38,794 [Worker-21: Building] WARN  o.e.m.c.i.embedder.EclipseLogger - Using platform encoding (Cp1252 actually) to copy filtered resources, i.e. build is platform dependent!
2022-05-08 11:42:38,795 [Worker-21: Building] INFO  o.e.m.c.i.embedder.EclipseLogger - skip non existing resourceDirectory C:\Users\pc\eclipse-workspace\JDBC\MyJDBCDemoProject\src\test\resources
2022-05-08 11:42:42,515 [Worker-16: Building] WARN  o.e.m.c.i.embedder.EclipseLogger - Using platform encoding (Cp1252 actually) to copy filtered resources, i.e. build is platform dependent!
2022-05-08 11:42:42,516 [Worker-16: Building] INFO  o.e.m.c.i.embedder.EclipseLogger - skip non existing resourceDirectory C:\Users\pc\eclipse-workspace\JDBC\MyJDBCDemoProject\src\main\resources
2022-05-08 11:42:42,525 [Worker-16: Building] WARN  o.e.m.c.i.embedder.EclipseLogger - Using platform encoding (Cp1252 actually) to copy filtered resources, i.e. build is platform dependent!
2022-05-08 11:42:42,528 [Worker-16: Building] INFO  o.e.m.c.i.embedder.EclipseLogger - skip non existing resourceDirectory C:\Users\pc\eclipse-workspace\JDBC\MyJDBCDemoProject\src\test\resources
2022-05-08 11:43:16,918 [Worker-23: Building] WARN  o.e.m.c.i.embedder.EclipseLogger - Using platform encoding (Cp1252 actually) to copy filtered resources, i.e. build is platform dependent!
2022-05-08 11:43:16,920 [Worker-23: Building] INFO  o.e.m.c.i.embedder.EclipseLogger - skip non existing resourceDirectory C:\Users\pc\eclipse-workspace\JDBC\MyJDBCDemoProject\src\main\resources
2022-05-08 11:43:16,923 [Worker-23: Building] WARN  o.e.m.c.i.embedder.EclipseLogger - Using platform encoding (Cp1252 actually) to copy filtered resources, i.e. build is platform dependent!
2022-05-08 11:43:16,924 [Worker-23: Building] INFO  o.e.m.c.i.embedder.EclipseLogger - skip non existing resourceDirectory C:\Users\pc\eclipse-workspace\JDBC\MyJDBCDemoProject\src\test\resources
2022-05-08 11:44:11,729 [Worker-24: Building] WARN  o.e.m.c.i.embedder.EclipseLogger - Using platform encoding (Cp1252 actually) to copy filtered resources, i.e. build is platform dependent!
2022-05-08 11:44:11,731 [Worker-24: Building] INFO  o.e.m.c.i.embedder.EclipseLogger - skip non existing resourceDirectory C:\Users\pc\eclipse-workspace\JDBC\MyJDBCDemoProject\src\main\resources
2022-05-08 11:44:11,733 [Worker-24: Building] WARN  o.e.m.c.i.embedder.EclipseLogger - Using platform encoding (Cp1252 actually) to copy filtered resources, i.e. build is platform dependent!
2022-05-08 11:44:11,735 [Worker-24: Building] INFO  o.e.m.c.i.embedder.EclipseLogger - skip non existing resourceDirectory C:\Users\pc\eclipse-workspace\JDBC\MyJDBCDemoProject\src\test\resources
2022-05-08 11:46:20,234 [Worker-23: Building] WARN  o.e.m.c.i.embedder.EclipseLogger - Using platform encoding (Cp1252 actually) to copy filtered resources, i.e. build is platform dependent!
2022-05-08 11:46:20,236 [Worker-23: Building] INFO  o.e.m.c.i.embedder.EclipseLogger - skip non existing resourceDirectory C:\Users\pc\eclipse-workspace\JDBC\MyJDBCDemoProject\src\main\resources
2022-05-08 11:46:20,237 [Worker-23: Building] WARN  o.e.m.c.i.embedder.EclipseLogger - Using platform encoding (Cp1252 actually) to copy filtered resources, i.e. build is platform dependent!
2022-05-08 11:46:20,238 [Worker-23: Building] INFO  o.e.m.c.i.embedder.EclipseLogger - skip non existing resourceDirectory C:\Users\pc\eclipse-workspace\JDBC\MyJDBCDemoProject\src\test\resources
2022-05-08 11:48:37,214 [Worker-17: Building] WARN  o.e.m.c.i.embedder.EclipseLogger - Using platform encoding (Cp1252 actually) to copy filtered resources, i.e. build is platform dependent!
2022-05-08 11:48:37,216 [Worker-17: Building] INFO  o.e.m.c.i.embedder.EclipseLogger - skip non existing resourceDirectory C:\Users\pc\eclipse-workspace\JDBC\MyJDBCDemoProject\src\main\resources
2022-05-08 11:48:37,217 [Worker-17: Building] WARN  o.e.m.c.i.embedder.EclipseLogger - Using platform encoding (Cp1252 actually) to copy filtered resources, i.e. build is platform dependent!
2022-05-08 11:48:37,219 [Worker-17: Building] INFO  o.e.m.c.i.embedder.EclipseLogger - skip non existing resourceDirectory C:\Users\pc\eclipse-workspace\JDBC\MyJDBCDemoProject\src\test\resources
2022-05-08 11:50:00,536 [Worker-23: Launching MyJDBCDemo2] WARN  o.e.m.c.i.embedder.EclipseLogger - Using platform encoding (Cp1252 actually) to copy filtered resources, i.e. build is platform dependent!
2022-05-08 11:50:00,538 [Worker-23: Launching MyJDBCDemo2] INFO  o.e.m.c.i.embedder.EclipseLogger - skip non existing resourceDirectory C:\Users\pc\eclipse-workspace\JDBC\MyJDBCDemoProject\src\main\resources
2022-05-08 11:50:00,539 [Worker-23: Launching MyJDBCDemo2] WARN  o.e.m.c.i.embedder.EclipseLogger - Using platform encoding (Cp1252 actually) to copy filtered resources, i.e. build is platform dependent!
2022-05-08 11:50:00,541 [Worker-23: Launching MyJDBCDemo2] INFO  o.e.m.c.i.embedder.EclipseLogger - skip non existing resourceDirectory C:\Users\pc\eclipse-workspace\JDBC\MyJDBCDemoProject\src\test\resources
2022-05-08 11:51:18,588 [Worker-25: Building] WARN  o.e.m.c.i.embedder.EclipseLogger - Using platform encoding (Cp1252 actually) to copy filtered resources, i.e. build is platform dependent!
2022-05-08 11:51:18,589 [Worker-25: Building] INFO  o.e.m.c.i.embedder.EclipseLogger - skip non existing resourceDirectory C:\Users\pc\eclipse-workspace\JDBC\MyJDBCDemoProject\src\main\resources
2022-05-08 11:51:18,591 [Worker-25: Building] WARN  o.e.m.c.i.embedder.EclipseLogger - Using platform encoding (Cp1252 actually) to copy filtered resources, i.e. build is platform dependent!
2022-05-08 11:51:18,592 [Worker-25: Building] INFO  o.e.m.c.i.embedder.EclipseLogger - skip non existing resourceDirectory C:\Users\pc\eclipse-workspace\JDBC\MyJDBCDemoProject\src\test\resources
2022-05-11 18:55:46,220 [Worker-0: Loading available Gradle versions] INFO  o.e.b.c.i.u.g.PublishedGradleVersions - Gradle version information cache is out-of-date. Trying to update.
2022-05-11 19:39:20,706 [Worker-14: Building] WARN  o.e.m.c.i.embedder.EclipseLogger - Using platform encoding (Cp1252 actually) to copy filtered resources, i.e. build is platform dependent!
2022-05-11 19:39:20,708 [Worker-14: Building] INFO  o.e.m.c.i.embedder.EclipseLogger - skip non existing resourceDirectory C:\Users\pc\eclipse-workspace\JDBC\MyJDBCDemoProject\src\main\resources
2022-05-11 19:39:20,711 [Worker-14: Building] WARN  o.e.m.c.i.embedder.EclipseLogger - Using platform encoding (Cp1252 actually) to copy filtered resources, i.e. build is platform dependent!
2022-05-11 19:39:20,714 [Worker-14: Building] INFO  o.e.m.c.i.embedder.EclipseLogger - skip non existing resourceDirectory C:\Users\pc\eclipse-workspace\JDBC\MyJDBCDemoProject\src\test\resources
2022-05-11 19:39:23,192 [Worker-15: Building] WARN  o.e.m.c.i.embedder.EclipseLogger - Using platform encoding (Cp1252 actually) to copy filtered resources, i.e. build is platform dependent!
2022-05-11 19:39:23,193 [Worker-15: Building] INFO  o.e.m.c.i.embedder.EclipseLogger - skip non existing resourceDirectory C:\Users\pc\eclipse-workspace\JDBC\MyJDBCDemoProject\src\main\resources
2022-05-11 19:39:23,195 [Worker-15: Building] WARN  o.e.m.c.i.embedder.EclipseLogger - Using platform encoding (Cp1252 actually) to copy filtered resources, i.e. build is platform dependent!
2022-05-11 19:39:23,196 [Worker-15: Building] INFO  o.e.m.c.i.embedder.EclipseLogger - skip non existing resourceDirectory C:\Users\pc\eclipse-workspace\JDBC\MyJDBCDemoProject\src\test\resources
2022-05-11 20:35:37,183 [Worker-4: Loading available Gradle versions] INFO  o.e.b.c.i.u.g.PublishedGradleVersions - Gradle version information cache is up-to-date. Trying to read.
2022-05-11 20:55:29,835 [Worker-10: Enabling Maven Dependency Management] INFO  o.e.m.c.i.l.LifecycleMappingFactory - Using org.eclipse.m2e.jdt.JarLifecycleMapping lifecycle mapping for MavenProject: EmployeeCourseLayeredApproachWithException:EmployeeCourseLayeredApproachWithException:0.0.1-SNAPSHOT @ C:\Users\pc\eclipse-workspace\JDBC\EmployeeCourseLayeredApproachWithException\pom.xml.
2022-05-11 20:55:31,206 [Worker-10: Enabling Maven Dependency Management] INFO  o.e.m.j.i.AbstractJavaProjectConfigurator - Adding source folder /EmployeeCourseLayeredApproachWithException/src
2022-05-11 20:55:31,207 [Worker-10: Enabling Maven Dependency Management] INFO  o.e.m.j.i.AbstractJavaProjectConfigurator - Not adding source folder /EmployeeCourseLayeredApproachWithException/src/test/java because it overlaps with /EmployeeCourseLayeredApproachWithException/src
2022-05-11 20:55:31,782 [Worker-10: Enabling Maven Dependency Management] INFO  o.e.m.c.i.p.ProjectConfigurationManager - Update started
2022-05-11 20:55:32,492 [Worker-10: Enabling Maven Dependency Management] INFO  o.e.m.c.i.l.LifecycleMappingFactory - Using org.eclipse.m2e.jdt.JarLifecycleMapping lifecycle mapping for MavenProject: EmployeeCourseLayeredApproachWithException:EmployeeCourseLayeredApproachWithException:0.0.1-SNAPSHOT @ C:\Users\pc\eclipse-workspace\JDBC\EmployeeCourseLayeredApproachWithException\pom.xml.
2022-05-11 20:55:33,289 [Worker-10: Enabling Maven Dependency Management] INFO  o.e.m.j.i.AbstractJavaProjectConfigurator - Adding source folder /EmployeeCourseLayeredApproachWithException/src
2022-05-11 20:55:33,290 [Worker-10: Enabling Maven Dependency Management] INFO  o.e.m.j.i.AbstractJavaProjectConfigurator - Not adding source folder /EmployeeCourseLayeredApproachWithException/src/test/java because it overlaps with /EmployeeCourseLayeredApproachWithException/src
2022-05-11 20:55:33,430 [Worker-10: Enabling Maven Dependency Management] INFO  o.e.m.c.i.p.ProjectConfigurationManager - Update completed: 1 sec
2022-05-11 20:55:33,785 [Worker-15: Building] WARN  o.e.m.c.i.embedder.EclipseLogger - Using platform encoding (Cp1252 actually) to copy filtered resources, i.e. build is platform dependent!
2022-05-11 20:55:33,802 [Worker-15: Building] INFO  o.e.m.c.i.embedder.EclipseLogger - skip non existing resourceDirectory C:\Users\pc\eclipse-workspace\JDBC\EmployeeCourseLayeredApproachWithException\src\main\resources
2022-05-11 20:55:33,805 [Worker-15: Building] WARN  o.e.m.c.i.embedder.EclipseLogger - Using platform encoding (Cp1252 actually) to copy filtered resources, i.e. build is platform dependent!
2022-05-11 20:55:33,806 [Worker-15: Building] INFO  o.e.m.c.i.embedder.EclipseLogger - skip non existing resourceDirectory C:\Users\pc\eclipse-workspace\JDBC\EmployeeCourseLayeredApproachWithException\src\test\resources
2022-05-11 20:56:05,494 [Worker-14: Building] INFO  o.e.m.c.i.l.LifecycleMappingFactory - Using org.eclipse.m2e.jdt.JarLifecycleMapping lifecycle mapping for MavenProject: EmployeeCourseLayeredApproachWithException:EmployeeCourseLayeredApproachWithException:0.0.1-SNAPSHOT @ C:\Users\pc\eclipse-workspace\JDBC\EmployeeCourseLayeredApproachWithException\pom.xml.
2022-05-11 20:56:05,837 [Worker-14: Building] WARN  o.e.m.c.i.embedder.EclipseLogger - Using platform encoding (Cp1252 actually) to copy filtered resources, i.e. build is platform dependent!
2022-05-11 20:56:05,838 [Worker-14: Building] INFO  o.e.m.c.i.embedder.EclipseLogger - skip non existing resourceDirectory C:\Users\pc\eclipse-workspace\JDBC\EmployeeCourseLayeredApproachWithException\src\main\resources
2022-05-11 20:56:05,841 [Worker-14: Building] WARN  o.e.m.c.i.embedder.EclipseLogger - Using platform encoding (Cp1252 actually) to copy filtered resources, i.e. build is platform dependent!
2022-05-11 20:56:05,843 [Worker-14: Building] INFO  o.e.m.c.i.embedder.EclipseLogger - skip non existing resourceDirectory C:\Users\pc\eclipse-workspace\JDBC\EmployeeCourseLayeredApproachWithException\src\test\resources
2022-05-11 20:56:06,161 [Worker-13: Building] WARN  o.e.m.c.i.embedder.EclipseLogger - Using platform encoding (Cp1252 actually) to copy filtered resources, i.e. build is platform dependent!
2022-05-11 20:56:06,162 [Worker-13: Building] INFO  o.e.m.c.i.embedder.EclipseLogger - skip non existing resourceDirectory C:\Users\pc\eclipse-workspace\JDBC\EmployeeCourseLayeredApproachWithException\src\main\resources
2022-05-11 20:56:06,165 [Worker-13: Building] WARN  o.e.m.c.i.embedder.EclipseLogger - Using platform encoding (Cp1252 actually) to copy filtered resources, i.e. build is platform dependent!
2022-05-11 20:56:06,166 [Worker-13: Building] INFO  o.e.m.c.i.embedder.EclipseLogger - skip non existing resourceDirectory C:\Users\pc\eclipse-workspace\JDBC\EmployeeCourseLayeredApproachWithException\src\test\resources
2022-05-11 20:56:42,287 [Worker-18: Building] INFO  o.e.m.c.i.l.LifecycleMappingFactory - Using org.eclipse.m2e.jdt.JarLifecycleMapping lifecycle mapping for MavenProject: EmployeeCourseLayeredApproachWithException:EmployeeCourseLayeredApproachWithException:0.0.1-SNAPSHOT @ C:\Users\pc\eclipse-workspace\JDBC\EmployeeCourseLayeredApproachWithException\pom.xml.
2022-05-11 20:56:42,583 [Worker-18: Building] WARN  o.e.m.c.i.embedder.EclipseLogger - Using platform encoding (Cp1252 actually) to copy filtered resources, i.e. build is platform dependent!
2022-05-11 20:56:42,584 [Worker-18: Building] INFO  o.e.m.c.i.embedder.EclipseLogger - skip non existing resourceDirectory C:\Users\pc\eclipse-workspace\JDBC\EmployeeCourseLayeredApproachWithException\src\main\resources
2022-05-11 20:56:42,586 [Worker-18: Building] WARN  o.e.m.c.i.embedder.EclipseLogger - Using platform encoding (Cp1252 actually) to copy filtered resources, i.e. build is platform dependent!
2022-05-11 20:56:42,588 [Worker-18: Building] INFO  o.e.m.c.i.embedder.EclipseLogger - skip non existing resourceDirectory C:\Users\pc\eclipse-workspace\JDBC\EmployeeCourseLayeredApproachWithException\src\test\resources
2022-05-11 20:57:36,705 [Worker-18: Building] INFO  o.e.m.c.i.l.LifecycleMappingFactory - Using org.eclipse.m2e.jdt.JarLifecycleMapping lifecycle mapping for MavenProject: EmployeeCourseLayeredApproachWithException:EmployeeCourseLayeredApproachWithException:0.0.1-SNAPSHOT @ C:\Users\pc\eclipse-workspace\JDBC\EmployeeCourseLayeredApproachWithException\pom.xml.
2022-05-11 20:57:37,057 [Worker-18: Building] WARN  o.e.m.c.i.embedder.EclipseLogger - Using platform encoding (Cp1252 actually) to copy filtered resources, i.e. build is platform dependent!
2022-05-11 20:57:37,059 [Worker-18: Building] INFO  o.e.m.c.i.embedder.EclipseLogger - skip non existing resourceDirectory C:\Users\pc\eclipse-workspace\JDBC\EmployeeCourseLayeredApproachWithException\src\main\resources
2022-05-11 20:57:37,062 [Worker-18: Building] WARN  o.e.m.c.i.embedder.EclipseLogger - Using platform encoding (Cp1252 actually) to copy filtered resources, i.e. build is platform dependent!
2022-05-11 20:57:37,064 [Worker-18: Building] INFO  o.e.m.c.i.embedder.EclipseLogger - skip non existing resourceDirectory C:\Users\pc\eclipse-workspace\JDBC\EmployeeCourseLayeredApproachWithException\src\test\resources
2022-05-11 20:57:37,420 [Worker-16: Building] WARN  o.e.m.c.i.embedder.EclipseLogger - Using platform encoding (Cp1252 actually) to copy filtered resources, i.e. build is platform dependent!
2022-05-11 20:57:37,422 [Worker-16: Building] INFO  o.e.m.c.i.embedder.EclipseLogger - skip non existing resourceDirectory C:\Users\pc\eclipse-workspace\JDBC\EmployeeCourseLayeredApproachWithException\src\main\resources
2022-05-11 20:57:37,424 [Worker-16: Building] WARN  o.e.m.c.i.embedder.EclipseLogger - Using platform encoding (Cp1252 actually) to copy filtered resources, i.e. build is platform dependent!
2022-05-11 20:57:37,425 [Worker-16: Building] INFO  o.e.m.c.i.embedder.EclipseLogger - skip non existing resourceDirectory C:\Users\pc\eclipse-workspace\JDBC\EmployeeCourseLayeredApproachWithException\src\test\resources
2022-05-11 21:03:18,056 [Worker-20: Building] INFO  o.e.m.c.i.l.LifecycleMappingFactory - Using org.eclipse.m2e.jdt.JarLifecycleMapping lifecycle mapping for MavenProject: EmployeeCourseLayeredApproachWithException:EmployeeCourseLayeredApproachWithException:0.0.1-SNAPSHOT @ C:\Users\pc\eclipse-workspace\JDBC\EmployeeCourseLayeredApproachWithException\pom.xml.
2022-05-11 21:03:18,343 [Worker-20: Building] WARN  o.e.m.c.i.embedder.EclipseLogger - Using platform encoding (Cp1252 actually) to copy filtered resources, i.e. build is platform dependent!
2022-05-11 21:03:18,348 [Worker-20: Building] INFO  o.e.m.c.i.embedder.EclipseLogger - skip non existing resourceDirectory C:\Users\pc\eclipse-workspace\JDBC\EmployeeCourseLayeredApproachWithException\src\main\resources
2022-05-11 21:03:18,351 [Worker-20: Building] WARN  o.e.m.c.i.embedder.EclipseLogger - Using platform encoding (Cp1252 actually) to copy filtered resources, i.e. build is platform dependent!
2022-05-11 21:03:18,353 [Worker-20: Building] INFO  o.e.m.c.i.embedder.EclipseLogger - skip non existing resourceDirectory C:\Users\pc\eclipse-workspace\JDBC\EmployeeCourseLayeredApproachWithException\src\test\resources
2022-05-11 21:03:19,698 [Worker-20: Building] WARN  o.e.m.c.i.embedder.EclipseLogger - Using platform encoding (Cp1252 actually) to copy filtered resources, i.e. build is platform dependent!
2022-05-11 21:03:19,700 [Worker-20: Building] INFO  o.e.m.c.i.embedder.EclipseLogger - skip non existing resourceDirectory C:\Users\pc\eclipse-workspace\JDBC\EmployeeCourseLayeredApproachWithException\src\main\resources
2022-05-11 21:03:19,713 [Worker-20: Building] WARN  o.e.m.c.i.embedder.EclipseLogger - Using platform encoding (Cp1252 actually) to copy filtered resources, i.e. build is platform dependent!
2022-05-11 21:03:19,714 [Worker-20: Building] INFO  o.e.m.c.i.embedder.EclipseLogger - skip non existing resourceDirectory C:\Users\pc\eclipse-workspace\JDBC\EmployeeCourseLayeredApproachWithException\src\test\resources
2022-05-11 21:08:10,339 [Worker-2: Loading available Gradle versions] INFO  o.e.b.c.i.u.g.PublishedGradleVersions - Gradle version information cache is up-to-date. Trying to read.
2022-05-11 21:47:07,826 [Worker-21: Enabling Maven Dependency Management] INFO  o.e.m.c.i.l.LifecycleMappingFactory - Using org.eclipse.m2e.jdt.JarLifecycleMapping lifecycle mapping for MavenProject: EmployeeCourseLayeredProjectWithJDBC:EmployeeCourseLayeredProjectWithJDBC:0.0.1-SNAPSHOT @ C:\Users\pc\eclipse-workspace\JDBC\EmployeeCourseLayeredProjectWithJDBC\pom.xml.
2022-05-11 21:47:09,605 [Worker-20: Building] WARN  o.e.m.c.i.embedder.EclipseLogger - Using platform encoding (Cp1252 actually) to copy filtered resources, i.e. build is platform dependent!
2022-05-11 21:47:09,608 [Worker-20: Building] INFO  o.e.m.c.i.embedder.EclipseLogger - skip non existing resourceDirectory C:\Users\pc\eclipse-workspace\JDBC\EmployeeCourseLayeredProjectWithJDBC\src\main\resources
2022-05-11 21:47:09,612 [Worker-20: Building] WARN  o.e.m.c.i.embedder.EclipseLogger - Using platform encoding (Cp1252 actually) to copy filtered resources, i.e. build is platform dependent!
2022-05-11 21:47:09,613 [Worker-20: Building] INFO  o.e.m.c.i.embedder.EclipseLogger - skip non existing resourceDirectory C:\Users\pc\eclipse-workspace\JDBC\EmployeeCourseLayeredProjectWithJDBC\src\test\resources
2022-05-11 21:47:09,619 [Worker-21: Enabling Maven Dependency Management] INFO  o.e.m.j.i.AbstractJavaProjectConfigurator - Adding source folder /EmployeeCourseLayeredProjectWithJDBC/src
2022-05-11 21:47:09,621 [Worker-21: Enabling Maven Dependency Management] INFO  o.e.m.j.i.AbstractJavaProjectConfigurator - Not adding source folder /EmployeeCourseLayeredProjectWithJDBC/src/test/java because it overlaps with /EmployeeCourseLayeredProjectWithJDBC/src
2022-05-11 21:47:10,106 [Worker-21: Enabling Maven Dependency Management] INFO  o.e.m.c.i.p.ProjectConfigurationManager - Update started
2022-05-11 21:47:10,802 [Worker-21: Enabling Maven Dependency Management] INFO  o.e.m.c.i.l.LifecycleMappingFactory - Using org.eclipse.m2e.jdt.JarLifecycleMapping lifecycle mapping for MavenProject: EmployeeCourseLayeredProjectWithJDBC:EmployeeCourseLayeredProjectWithJDBC:0.0.1-SNAPSHOT @ C:\Users\pc\eclipse-workspace\JDBC\EmployeeCourseLayeredProjectWithJDBC\pom.xml.
2022-05-11 21:47:11,713 [Worker-21: Enabling Maven Dependency Management] INFO  o.e.m.j.i.AbstractJavaProjectConfigurator - Adding source folder /EmployeeCourseLayeredProjectWithJDBC/src
2022-05-11 21:47:11,722 [Worker-21: Enabling Maven Dependency Management] INFO  o.e.m.j.i.AbstractJavaProjectConfigurator - Not adding source folder /EmployeeCourseLayeredProjectWithJDBC/src/test/java because it overlaps with /EmployeeCourseLayeredProjectWithJDBC/src
2022-05-11 21:47:11,845 [Worker-21: Enabling Maven Dependency Management] INFO  o.e.m.c.i.p.ProjectConfigurationManager - Update completed: 1 sec
2022-05-11 21:47:12,246 [Worker-21: Building] WARN  o.e.m.c.i.embedder.EclipseLogger - Using platform encoding (Cp1252 actually) to copy filtered resources, i.e. build is platform dependent!
2022-05-11 21:47:12,248 [Worker-21: Building] INFO  o.e.m.c.i.embedder.EclipseLogger - skip non existing resourceDirectory C:\Users\pc\eclipse-workspace\JDBC\EmployeeCourseLayeredProjectWithJDBC\src\main\resources
2022-05-11 21:47:12,251 [Worker-21: Building] WARN  o.e.m.c.i.embedder.EclipseLogger - Using platform encoding (Cp1252 actually) to copy filtered resources, i.e. build is platform dependent!
2022-05-11 21:47:12,253 [Worker-21: Building] INFO  o.e.m.c.i.embedder.EclipseLogger - skip non existing resourceDirectory C:\Users\pc\eclipse-workspace\JDBC\EmployeeCourseLayeredProjectWithJDBC\src\test\resources
2022-05-11 21:47:35,921 [Worker-18: Building] INFO  o.e.m.c.i.l.LifecycleMappingFactory - Using org.eclipse.m2e.jdt.JarLifecycleMapping lifecycle mapping for MavenProject: EmployeeCourseLayeredProjectWithJDBC:EmployeeCourseLayeredProjectWithJDBC:0.0.1-SNAPSHOT @ C:\Users\pc\eclipse-workspace\JDBC\EmployeeCourseLayeredProjectWithJDBC\pom.xml.
2022-05-11 21:47:36,340 [Worker-18: Building] WARN  o.e.m.c.i.embedder.EclipseLogger - Using platform encoding (Cp1252 actually) to copy filtered resources, i.e. build is platform dependent!
2022-05-11 21:47:36,342 [Worker-18: Building] INFO  o.e.m.c.i.embedder.EclipseLogger - skip non existing resourceDirectory C:\Users\pc\eclipse-workspace\JDBC\EmployeeCourseLayeredProjectWithJDBC\src\main\resources
2022-05-11 21:47:36,345 [Worker-18: Building] WARN  o.e.m.c.i.embedder.EclipseLogger - Using platform encoding (Cp1252 actually) to copy filtered resources, i.e. build is platform dependent!
2022-05-11 21:47:36,347 [Worker-18: Building] INFO  o.e.m.c.i.embedder.EclipseLogger - skip non existing resourceDirectory C:\Users\pc\eclipse-workspace\JDBC\EmployeeCourseLayeredProjectWithJDBC\src\test\resources
2022-05-11 21:47:36,747 [Worker-18: Building] WARN  o.e.m.c.i.embedder.EclipseLogger - Using platform encoding (Cp1252 actually) to copy filtered resources, i.e. build is platform dependent!
2022-05-11 21:47:36,749 [Worker-18: Building] INFO  o.e.m.c.i.embedder.EclipseLogger - skip non existing resourceDirectory C:\Users\pc\eclipse-workspace\JDBC\EmployeeCourseLayeredProjectWithJDBC\src\main\resources
2022-05-11 21:47:36,751 [Worker-18: Building] WARN  o.e.m.c.i.embedder.EclipseLogger - Using platform encoding (Cp1252 actually) to copy filtered resources, i.e. build is platform dependent!
2022-05-11 21:47:36,752 [Worker-18: Building] INFO  o.e.m.c.i.embedder.EclipseLogger - skip non existing resourceDirectory C:\Users\pc\eclipse-workspace\JDBC\EmployeeCourseLayeredProjectWithJDBC\src\test\resources
2022-05-23 07:40:52,460 [Worker-0: Loading available Gradle versions] INFO  o.e.b.c.i.u.g.PublishedGradleVersions - Gradle version information cache is up-to-date. Trying to read.
2022-05-23 14:29:42,516 [Worker-0: Loading available Gradle versions] INFO  o.e.b.c.i.u.g.PublishedGradleVersions - Gradle version information cache is up-to-date. Trying to read.
2022-05-23 14:59:28,867 [Worker-3: Loading available Gradle versions] INFO  o.e.b.c.i.u.g.PublishedGradleVersions - Gradle version information cache is up-to-date. Trying to read.
2022-05-23 18:23:57,113 [Worker-3: Loading available Gradle versions] INFO  o.e.b.c.i.u.g.PublishedGradleVersions - Gradle version information cache is up-to-date. Trying to read.
2022-05-23 23:33:26,508 [Worker-0: Loading available Gradle versions] INFO  o.e.b.c.i.u.g.PublishedGradleVersions - Gradle version information cache is up-to-date. Trying to read.
2022-05-24 14:14:06,935 [Worker-1: Loading available Gradle versions] INFO  o.e.b.c.i.u.g.PublishedGradleVersions - Gradle version information cache is up-to-date. Trying to read.
